2019/05/27 12:27:09 > =========    记录日志   ========
2019/05/27 12:27:09 > 开始监听客户端发送的消息...
2019/05/27 12:27:44 > 新客户端 index : 0
2019/05/27 12:27:44 > ===>>   key : 4
2019/05/27 12:28:22 > 收到客户端发送的消息 : {"type":"0","from":"user6", "pwd":"pwd6"}
2019/05/27 12:28:22 > 开始转换接收数据
2019/05/27 12:28:22 > 转换接收数据完成 : {"type":"0","from":"user6","pwd":"pwd6"}
2019/05/27 12:28:22 > 开始判断消息类型...
2019/05/27 12:28:22 > 0 用户登录系统 : user6
2019/05/27 12:28:22 > LOGIN_SUCCESS : user6
2019/05/27 12:28:22 > 服务器发送 : {"type": "8","from": "server","pwd": "***","to": [], "msg": "用户登陆成功", "time":"系统通知"}
2019/05/27 12:28:22 > 添加在线列表成功
2019/05/27 12:28:44 > 收到客户端发送的消息 : {"type":"1","from":"user6", "to":["list"], "msg":"hw"}
2019/05/27 12:28:44 > 开始转换接收数据
2019/05/27 12:28:44 > 转换接收数据完成 : {"type":"1","from":"user6","to":["list"],"msg":"hw"}
2019/05/27 12:28:44 > 开始判断消息类型...
2019/05/27 12:28:44 > 1 用户发送消息 : user6
2019/05/27 12:28:44 > 准备发送消息 : user6
2019/05/27 12:28:44 > 目标用户不存在
2019/05/27 12:28:44 > 服务器发送 : {"type": "4","from": "server","pwd": "***","to": [], "msg": "指定接收消息的用户不存在或未登录", "time":"系统通知"}
2019/05/27 12:28:52 > 收到客户端发送的消息 : {"type": "x","from": "USER"}
2019/05/27 12:28:52 > 开始转换接收数据
2019/05/27 12:28:52 > 转换接收数据完成 : {"type":"x","from":"USER"}
2019/05/27 12:28:52 > 开始判断消息类型...
2019/05/27 12:28:52 > 服务器发送 : {"type":"x", "from":"server", "msg":"user6", "time":"2019/05/27 12:28:52"}
2019/05/27 12:29:10 > 收到客户端发送的消息 : {"type":"1","from":"user6", "to":["user6"], "msg":"hw"}
2019/05/27 12:29:10 > 开始转换接收数据
2019/05/27 12:29:10 > 转换接收数据完成 : {"type":"1","from":"user6","to":["user6"],"msg":"hw"}
2019/05/27 12:29:10 > 开始判断消息类型...
2019/05/27 12:29:10 > 1 用户发送消息 : user6
2019/05/27 12:29:10 > 准备发送消息 : user6
2019/05/27 12:29:10 > 接收端 : user6
2019/05/27 12:29:10 > 发送消息 : hw
2019/05/27 12:29:10 > 服务器发送 : {
	"type":	"1",
	"from":	"user6",
	"to":	["user6"],
	"msg":	"hw",
	"time":	"2019/05/27 12:29:10"
}
2019/05/27 12:29:31 > 新客户端 index : 1
2019/05/27 12:29:31 > ===>>   key : 5
2019/05/27 12:29:49 > 收到客户端发送的消息 : {"type":"0","from":"user2", "pwd":"pwd2"}
2019/05/27 12:29:49 > 开始转换接收数据
2019/05/27 12:29:49 > 转换接收数据完成 : {"type":"0","from":"user2","pwd":"pwd2"}
2019/05/27 12:29:49 > 开始判断消息类型...
2019/05/27 12:29:49 > 0 用户登录系统 : user2
2019/05/27 12:29:49 > LOGIN_SUCCESS : user2
2019/05/27 12:29:49 > 打印列表数据
2019/05/27 12:29:49 > ==>>  : user6
2019/05/27 12:29:49 > ==>>  : user2
2019/05/27 12:29:49 > 服务器发送 : {"type": "8","from": "server","pwd": "***","to": [], "msg": "用户登陆成功", "time":"系统通知"}
2019/05/27 12:29:49 > 添加在线列表成功
2019/05/27 12:30:00 > 收到客户端发送的消息 : {"type":"1","from":"user2", "to":["user6"], "msg":"nh"}
2019/05/27 12:30:00 > 开始转换接收数据
2019/05/27 12:30:00 > 转换接收数据完成 : {"type":"1","from":"user2","to":["user6"],"msg":"nh"}
2019/05/27 12:30:00 > 开始判断消息类型...
2019/05/27 12:30:00 > 1 用户发送消息 : user2
2019/05/27 12:30:00 > 准备发送消息 : user2
2019/05/27 12:30:00 > 接收端 : user6
2019/05/27 12:30:00 > 发送消息 : nh
2019/05/27 12:30:00 > 服务器发送 : {
	"type":	"1",
	"from":	"user2",
	"to":	["user6"],
	"msg":	"nh",
	"time":	"2019/05/27 12:30:00"
}
2019/05/27 12:30:10 > 收到客户端发送的消息 : {"type":"1","from":"user6", "to":["user2"], "msg":"hw"}
2019/05/27 12:30:10 > 开始转换接收数据
2019/05/27 12:30:10 > 转换接收数据完成 : {"type":"1","from":"user6","to":["user2"],"msg":"hw"}
2019/05/27 12:30:10 > 开始判断消息类型...
2019/05/27 12:30:10 > 1 用户发送消息 : user6
2019/05/27 12:30:10 > 准备发送消息 : user6
2019/05/27 12:30:10 > 接收端 : user2
2019/05/27 12:30:10 > 发送消息 : hw
2019/05/27 12:30:10 > 服务器发送 : {
	"type":	"1",
	"from":	"user6",
	"to":	["user2"],
	"msg":	"hw",
	"time":	"2019/05/27 12:30:10"
}
2019/05/27 13:18:52 > =========    记录日志   ========
2019/05/27 13:18:52 > 开始监听客户端发送的消息...
2019/05/27 13:19:10 > 新客户端 index : 0
2019/05/27 13:19:10 > ===>>   key : 4
2019/05/27 13:20:15 > 客户端退出 : 4
2019/05/27 13:20:24 > 新客户端 index : 0
2019/05/27 13:20:24 > ===>>   key : 5
2019/05/27 13:21:26 > 客户端退出 : 5
2019/05/27 13:21:33 > 新客户端 index : 0
2019/05/27 13:21:33 > ===>>   key : 6
2019/05/27 13:22:03 > 客户端退出 : 6
2019/05/27 13:22:11 > 新客户端 index : 0
2019/05/27 13:22:11 > ===>>   key : 7
2019/05/27 13:23:16 > 客户端退出 : 7
2019/05/27 13:23:21 > 新客户端 index : 0
2019/05/27 13:23:21 > ===>>   key : 8
2019/05/27 13:24:05 > 客户端退出 : 8
2019/05/27 13:24:20 > 新客户端 index : 0
2019/05/27 13:24:20 > ===>>   key : 9
2019/05/27 13:24:51 > 客户端退出 : 9
2019/05/27 13:24:56 > 新客户端 index : 0
2019/05/27 13:24:56 > ===>>   key : 10
2019/05/27 13:26:08 > 客户端退出 : 10
2019/05/27 13:26:13 > 新客户端 index : 0
2019/05/27 13:26:13 > ===>>   key : 11
2019/05/27 13:26:23 > 客户端退出 : 11
2019/05/27 13:26:44 > 新客户端 index : 0
2019/05/27 13:26:44 > ===>>   key : 12
2019/05/27 13:28:39 > 客户端退出 : 12
2019/05/27 13:28:45 > 新客户端 index : 0
2019/05/27 13:28:45 > ===>>   key : 13
2019/05/27 13:29:23 > 新客户端 index : 1
2019/05/27 13:29:23 > ===>>   key : 14
2019/05/27 13:29:32 > 收到客户端发送的消息 : {"type": "x","from": "USER"}
2019/05/27 13:29:32 > 开始转换接收数据
2019/05/27 13:29:32 > 转换接收数据完成 : {"type":"x","from":"USER"}
2019/05/27 13:29:32 > 开始判断消息类型...
2019/05/27 13:29:32 > 服务器发送 : {"type":"x", "from":"server", "msg":"", "time":"2019/05/27 13:29:32"}
2019/05/27 13:30:04 > 收到客户端发送的消息 : {"type":"0","from":"user2", "pwd":"pwd2"}
2019/05/27 13:30:04 > 开始转换接收数据
2019/05/27 13:30:04 > 转换接收数据完成 : {"type":"0","from":"user2","pwd":"pwd2"}
2019/05/27 13:30:04 > 开始判断消息类型...
2019/05/27 13:30:04 > 0 用户登录系统 : user2
2019/05/27 13:30:04 > LOGIN_SUCCESS : user2
2019/05/27 13:30:04 > 服务器发送 : {"type": "8","from": "server","pwd": "***","to": [], "msg": "用户登陆成功", "time":"系统通知"}
2019/05/27 13:30:04 > 添加在线列表成功
2019/05/27 13:30:12 > 收到客户端发送的消息 : {"type": "x","from": "USER"}
2019/05/27 13:30:12 > 开始转换接收数据
2019/05/27 13:30:12 > 转换接收数据完成 : {"type":"x","from":"USER"}
2019/05/27 13:30:12 > 开始判断消息类型...
2019/05/27 13:30:12 > 服务器发送 : {"type":"x", "from":"server", "msg":"user2", "time":"2019/05/27 13:30:12"}
2019/05/27 13:33:34 > 收到客户端发送的消息 : {"type": "x","from": "USER"}
2019/05/27 13:33:34 > 开始转换接收数据
2019/05/27 13:33:34 > 转换接收数据完成 : {"type":"x","from":"USER"}
2019/05/27 13:33:34 > 开始判断消息类型...
2019/05/27 13:33:34 > 服务器发送 : {"type":"x", "from":"server", "msg":"user2", "time":"2019/05/27 13:33:34"}
2019/05/27 13:33:43 > 收到客户端发送的消息 : {"type":"0","from":"hw", "pwd":"hw"}
2019/05/27 13:33:43 > 开始转换接收数据
2019/05/27 13:33:43 > 转换接收数据完成 : {"type":"0","from":"hw","pwd":"hw"}
2019/05/27 13:33:43 > 开始判断消息类型...
2019/05/27 13:33:43 > 0 用户登录系统 : hw
2019/05/27 13:33:43 > LOGIN_FAILED : hw
2019/05/27 13:34:13 > =========    记录日志   ========
2019/05/27 13:34:13 > 服务端绑定端口失败, 端口占用, 请重新启动服务器终端
2019/05/27 13:34:22 > =========    记录日志   ========
2019/05/27 13:34:22 > 服务端绑定端口失败, 端口占用, 请重新启动服务器终端
